<?xml version="1.0" encoding="UTF-8"?>
<testng-results skipped="0" failed="0" ignored="0" total="2" passed="2">
  <reporter-output>
  </reporter-output>
  <suite name="Default suite" duration-ms="37379" started-at="2019-07-07T14:27:31Z" finished-at="2019-07-07T14:28:08Z">
    <groups>
    </groups>
    <test name="Default test" duration-ms="37379" started-at="2019-07-07T14:27:31Z" finished-at="2019-07-07T14:28:08Z">
      <class name="com.training.sanity.tests.RTTC_006">
        <test-method status="PASS" signature="setUpBeforeClass()[pri:0, instance:com.training.sanity.tests.RTTC_006@59f99ea]" name="setUpBeforeClass" is-config="true" duration-ms="13958" started-at="2019-07-07T14:27:31Z" finished-at="2019-07-07T14:27:45Z">
          <reporter-output>
          </reporter-output>
        </test-method> <!-- setUpBeforeClass -->
        <test-method status="PASS" signature="validLoginTest()[pri:1, instance:com.training.sanity.tests.RTTC_006@59f99ea]" name="validLoginTest" duration-ms="13613" started-at="2019-07-07T14:27:45Z" finished-at="2019-07-07T14:27:59Z">
          <reporter-output>
          </reporter-output>
        </test-method> <!-- validLoginTest -->
        <test-method status="PASS" signature="order()[pri:2, instance:com.training.sanity.tests.RTTC_006@59f99ea]" name="order" duration-ms="7794" started-at="2019-07-07T14:27:59Z" finished-at="2019-07-07T14:28:06Z">
          <reporter-output>
          </reporter-output>
        </test-method> <!-- order -->
        <test-method status="PASS" signature="tearDown()[pri:0, instance:com.training.sanity.tests.RTTC_006@59f99ea]" name="tearDown" is-config="true" duration-ms="1978" started-at="2019-07-07T14:28:06Z" finished-at="2019-07-07T14:28:08Z">
          <reporter-output>
          </reporter-output>
        </test-method> <!-- tearDown -->
      </class> <!-- com.training.sanity.tests.RTTC_006 -->
    </test> <!-- Default test -->
  </suite> <!-- Default suite -->
</testng-results>
