<?xml version="1.0" encoding="UTF-8"?>
<testng-results skipped="0" failed="0" ignored="0" total="1" passed="1">
  <reporter-output>
  </reporter-output>
  <suite name="Default suite" duration-ms="98503" started-at="2019-07-23T13:09:18Z" finished-at="2019-07-23T13:10:56Z">
    <groups>
    </groups>
    <test name="Default test" duration-ms="98503" started-at="2019-07-23T13:09:18Z" finished-at="2019-07-23T13:10:56Z">
      <class name="com.training.sanity.tests.RTTC_034">
        <test-method status="PASS" signature="setUpBeforeClass()[pri:0, instance:com.training.sanity.tests.RTTC_034@59f99ea]" name="setUpBeforeClass" is-config="true" duration-ms="13626" started-at="2019-07-23T13:09:18Z" finished-at="2019-07-23T13:09:31Z">
          <reporter-output>
          </reporter-output>
        </test-method> <!-- setUpBeforeClass -->
        <test-method status="PASS" signature="ReturnProduct()[pri:3, instance:com.training.sanity.tests.RTTC_034@59f99ea]" name="ReturnProduct" duration-ms="82980" started-at="2019-07-23T13:09:31Z" finished-at="2019-07-23T13:10:54Z">
          <reporter-output>
          </reporter-output>
        </test-method> <!-- ReturnProduct -->
        <test-method status="PASS" signature="tearDown()[pri:0, instance:com.training.sanity.tests.RTTC_034@59f99ea]" name="tearDown" is-config="true" duration-ms="1880" started-at="2019-07-23T13:10:54Z" finished-at="2019-07-23T13:10:56Z">
          <reporter-output>
          </reporter-output>
        </test-method> <!-- tearDown -->
      </class> <!-- com.training.sanity.tests.RTTC_034 -->
    </test> <!-- Default test -->
  </suite> <!-- Default suite -->
</testng-results>
